<?xml version="1.0" encoding="UTF-8"?>
<testng-results skipped="0" failed="0" ignored="0" total="1" passed="1">
  <reporter-output>
  </reporter-output>
  <suite name="MMT TestRun" duration-ms="25501" started-at="2021-09-01T19:15:46 IST" finished-at="2021-09-01T19:16:12 IST">
    <groups>
    </groups>
    <test name="MMT Test" duration-ms="25501" started-at="2021-09-01T19:15:46 IST" finished-at="2021-09-01T19:16:12 IST">
      <class name="org.mvnframework.k12.fugetronAssignment.mmtTestClass">
        <test-method status="PASS" signature="beforeClass()[pri:0, instance:org.mvnframework.k12.fugetronAssignment.mmtTestClass@6adede5]" name="beforeClass" is-config="true" duration-ms="13879" started-at="2021-09-01T19:15:46 IST" finished-at="2021-09-01T19:16:00 IST">
          <reporter-output>
          </reporter-output>
        </test-method> <!-- beforeClass -->
        <test-method status="PASS" signature="f()[pri:0, instance:org.mvnframework.k12.fugetronAssignment.mmtTestClass@6adede5]" name="f" duration-ms="10827" started-at="2021-09-01T19:16:00 IST" finished-at="2021-09-01T19:16:11 IST">
          <reporter-output>
          </reporter-output>
        </test-method> <!-- f -->
        <test-method status="PASS" signature="afterClass()[pri:0, instance:org.mvnframework.k12.fugetronAssignment.mmtTestClass@6adede5]" name="afterClass" is-config="true" duration-ms="736" started-at="2021-09-01T19:16:11 IST" finished-at="2021-09-01T19:16:12 IST">
          <reporter-output>
          </reporter-output>
        </test-method> <!-- afterClass -->
      </class> <!-- org.mvnframework.k12.fugetronAssignment.mmtTestClass -->
    </test> <!-- MMT Test -->
  </suite> <!-- MMT TestRun -->
</testng-results>
