<?xml version="1.0" encoding="UTF-8"?>
<testng-results ignored="0" total="1" passed="1" failed="0" skipped="0">
  <reporter-output>
  </reporter-output>
  <suite started-at="2021-09-02T15:25:29 IST" name="Default suite" finished-at="2021-09-02T15:25:30 IST" duration-ms="840">
    <groups>
    </groups>
    <test started-at="2021-09-02T15:25:29 IST" name="Default test" finished-at="2021-09-02T15:25:30 IST" duration-ms="840">
      <class name="org.mvnframework.k12.fugetronAssignment.ConnectDBtest">
        <test-method signature="jdbcConnect()[pri:0, instance:org.mvnframework.k12.fugetronAssignment.ConnectDBtest@49912c99]" started-at="2021-09-02T15:25:29 IST" name="jdbcConnect" finished-at="2021-09-02T15:25:30 IST" duration-ms="788" status="PASS">
          <reporter-output>
          </reporter-output>
        </test-method> <!-- jdbcConnect -->
      </class> <!-- org.mvnframework.k12.fugetronAssignment.ConnectDBtest -->
    </test> <!-- Default test -->
  </suite> <!-- Default suite -->
</testng-results>
