<?xml version="1.0" encoding="UTF-8"?>
<!-- Generated by org.testng.reporters.JUnitXMLReporter -->
<testsuite hostname="Sohails-Machine" ignored="0" name="MMT Test" tests="3" failures="0" timestamp="2021-09-02T15:33:30 IST" time="23.879" errors="0">
  <testcase name="f" time="10.083" classname="org.mvnframework.k12.fugetronAssignment.mmtTestClass"/>
  <testcase name="restAssured" time="2.814" classname="org.mvnframework.k12.fugetronAssignment.RestAssuredTest"/>
  <testcase name="jdbcConnect" time="0.399" classname="org.mvnframework.k12.fugetronAssignment.ConnectDBtest"/>
</testsuite> <!-- MMT Test -->
